<?xml version="1.0" encoding="UTF-8"?>
<!-- Generated by org.testng.reporters.JUnitXMLReporter -->
<testsuite ignored="0" hostname="DESKTOP-R5R7T0T" failures="1" tests="1" name="LoginTestChrome" time="53.24" errors="0" timestamp="2022-01-11T20:25:08 IST">
  <testcase classname="com.MyBatchProject.Test.VerifyLoginTest" name="VerifyLoginPage_TC001" time="10.628">
    <failure type="java.lang.AssertionError" message="expected [abcd] but found [Facebook – log in or sign up]">
      <![CDATA[java.lang.AssertionError: expected [abcd] but found [Facebook – log in or sign up]
at com.MyBatchProject.Test.VerifyLoginTest.VerifyLoginPage_TC001(VerifyLoginTest.java:26)
at java.base/java.util.ArrayList.forEach(ArrayList.java:1511)
... Removed 33 stack frames]]>
    </failure>
  </testcase> <!-- VerifyLoginPage_TC001 -->
</testsuite> <!-- LoginTestChrome -->
