<?xml version="1.0" encoding="UTF-8"?>
<testng-results ignored="0" total="1" passed="0" failed="1" skipped="0">
  <reporter-output>
  </reporter-output>
  <suite started-at="2022-01-11T20:24:15 IST" name="Suite" finished-at="2022-01-11T20:25:08 IST" duration-ms="53240">
    <groups>
    </groups>
    <test started-at="2022-01-11T20:24:15 IST" name="LoginTestChrome" finished-at="2022-01-11T20:25:08 IST" duration-ms="53240">
      <class name="com.MyBatchProject.Test.VerifyLoginTest">
        <test-method is-config="true" signature="setUp()[pri:0, instance:com.MyBatchProject.Test.VerifyLoginTest@1500b2f3]" started-at="2022-01-11T20:24:13 IST" name="setUp" finished-at="2022-01-11T20:24:15 IST" duration-ms="1962" status="PASS">
          <reporter-output>
          </reporter-output>
        </test-method> <!-- setUp -->
        <test-method is-config="true" signature="launchBrowser(java.lang.String)[pri:0, instance:com.MyBatchProject.Test.VerifyLoginTest@1500b2f3]" started-at="2022-01-11T20:24:15 IST" name="launchBrowser" finished-at="2022-01-11T20:24:53 IST" duration-ms="38125" status="PASS">
          <params>
            <param index="0">
              <value>
                <![CDATA[chrome]]>
              </value>
            </param>
          </params>
          <reporter-output>
          </reporter-output>
        </test-method> <!-- launchBrowser -->
        <test-method signature="VerifyLoginPage_TC001()[pri:0, instance:com.MyBatchProject.Test.VerifyLoginTest@1500b2f3]" started-at="2022-01-11T20:24:53 IST" name="VerifyLoginPage_TC001" finished-at="2022-01-11T20:25:03 IST" duration-ms="10628" status="FAIL">
          <exception class="java.lang.AssertionError">
            <message>
              <![CDATA[expected [abcd] but found [Facebook – log in or sign up]]]>
            </message>
            <full-stacktrace>
              <![CDATA[java.lang.AssertionError: expected [abcd] but found [Facebook – log in or sign up]
at org.testng.Assert.fail(Assert.java:99)
at org.testng.Assert.failNotEquals(Assert.java:1037)
at org.testng.Assert.assertEqualsImpl(Assert.java:140)
at org.testng.Assert.assertEquals(Assert.java:122)
at org.testng.Assert.assertEquals(Assert.java:629)
at org.testng.Assert.assertEquals(Assert.java:639)
at com.MyBatchProject.Test.VerifyLoginTest.VerifyLoginPage_TC001(VerifyLoginTest.java:26)
at java.base/jdk.internal.reflect.NativeMethodAccessorImpl.invoke0(Native Method)
at java.base/jdk.internal.reflect.NativeMethodAccessorImpl.invoke(NativeMethodAccessorImpl.java:78)
at java.base/jdk.internal.reflect.DelegatingMethodAccessorImpl.invoke(DelegatingMethodAccessorImpl.java:43)
at java.base/java.lang.reflect.Method.invoke(Method.java:567)
at org.testng.internal.MethodInvocationHelper.invokeMethod(MethodInvocationHelper.java:133)
at org.testng.internal.TestInvoker.invokeMethod(TestInvoker.java:598)
at org.testng.internal.TestInvoker.invokeTestMethod(TestInvoker.java:173)
at org.testng.internal.MethodRunner.runInSequence(MethodRunner.java:46)
at org.testng.internal.TestInvoker$MethodInvocationAgent.invoke(TestInvoker.java:824)
at org.testng.internal.TestInvoker.invokeTestMethods(TestInvoker.java:146)
at org.testng.internal.TestMethodWorker.invokeTestMethods(TestMethodWorker.java:146)
at org.testng.internal.TestMethodWorker.run(TestMethodWorker.java:128)
at java.base/java.util.ArrayList.forEach(ArrayList.java:1511)
at org.testng.TestRunner.privateRun(TestRunner.java:794)
at org.testng.TestRunner.run(TestRunner.java:596)
at org.testng.SuiteRunner.runTest(SuiteRunner.java:377)
at org.testng.SuiteRunner.runSequentially(SuiteRunner.java:371)
at org.testng.SuiteRunner.privateRun(SuiteRunner.java:332)
at org.testng.SuiteRunner.run(SuiteRunner.java:276)
at org.testng.SuiteRunnerWorker.runSuite(SuiteRunnerWorker.java:53)
at org.testng.SuiteRunnerWorker.run(SuiteRunnerWorker.java:96)
at org.testng.TestNG.runSuitesSequentially(TestNG.java:1212)
at org.testng.TestNG.runSuitesLocally(TestNG.java:1134)
at org.testng.TestNG.runSuites(TestNG.java:1063)
at org.testng.TestNG.run(TestNG.java:1031)
at org.testng.remote.AbstractRemoteTestNG.run(AbstractRemoteTestNG.java:115)
at org.testng.remote.RemoteTestNG.initAndRun(RemoteTestNG.java:251)
at org.testng.remote.RemoteTestNG.main(RemoteTestNG.java:77)
]]>
            </full-stacktrace>
          </exception> <!-- java.lang.AssertionError -->
          <reporter-output>
          </reporter-output>
        </test-method> <!-- VerifyLoginPage_TC001 -->
        <test-method is-config="true" signature="closeBrowser()[pri:0, instance:com.MyBatchProject.Test.VerifyLoginTest@1500b2f3]" started-at="2022-01-11T20:25:04 IST" name="closeBrowser" finished-at="2022-01-11T20:25:08 IST" duration-ms="4221" status="PASS">
          <reporter-output>
          </reporter-output>
        </test-method> <!-- closeBrowser -->
      </class> <!-- com.MyBatchProject.Test.VerifyLoginTest -->
    </test> <!-- LoginTestChrome -->
  </suite> <!-- Suite -->
</testng-results>
